<?xml version="1.0" encoding="UTF-8"?>
<testng-results ignored="0" total="1" passed="1" failed="0" skipped="0">
  <reporter-output>
  </reporter-output>
  <suite started-at="2024-05-08T11:10:01 IST" name="Default suite" finished-at="2024-05-08T11:10:25 IST" duration-ms="24303">
    <groups>
    </groups>
    <test started-at="2024-05-08T11:10:01 IST" name="Default test" finished-at="2024-05-08T11:10:25 IST" duration-ms="24303">
      <class name="practice.pom.repository.SimpleTestWithPOM">
        <test-method signature="simpleTest()[pri:0, instance:practice.pom.repository.SimpleTestWithPOM@44ebcd03]" started-at="2024-05-08T11:10:01 IST" name="simpleTest" finished-at="2024-05-08T11:10:25 IST" duration-ms="24131" status="PASS">
          <reporter-output>
          </reporter-output>
        </test-method> <!-- simpleTest -->
      </class> <!-- practice.pom.repository.SimpleTestWithPOM -->
    </test> <!-- Default test -->
  </suite> <!-- Default suite -->
</testng-results>
